# JRE version: Java(TM) SE Runtime Environment (20.0.1+9) (build 20.0.1+9-29)
# Java VM: Java HotSpot(TM) 64-Bit Server VM (20.0.1+9-29, mixed mode, sharing, tiered, compressed oops, compressed class ptrs, g1 gc, windows-amd64)
GC Precious Log:
 CardTable entry size: 512
 Card Set container configuration: InlinePtr #cards 5 size 8 Array Of Cards #cards 12 size 40 Howl #buckets 4 coarsen threshold 1843 Howl Bitmap #cards 512 size 80 coarsen threshold 460 Card regions per heap region 1 cards per card region 2048
 CPUs: 4 total, 4 available
 Memory: 3962M
 Large Page Support: Disabled
 NUMA Support: Disabled
 Compressed Oops: Enabled (32-bit)
 Heap Region Size: 1M
 Heap Min Capacity: 8M
 Heap Initial Capacity: 62M
 Heap Max Capacity: 992M
 Pre-touch: Disabled
 Parallel Workers: 4
 Concurrent Workers: 1
 Concurrent Refinement Workers: 4
 Periodic GC: Disabled
Heap:
 garbage-first heap   total 51200K, used 33822K [0x00000000c2000000, 0x0000000100000000)
  region size 1024K, 22 young (22528K), 4 survivors (4096K)
 Metaspace       used 31097K, committed 31616K, reserved 1114112K
  class space    used 3936K, committed 4160K, reserved 1048576K
GC Heap History (12 events):
Event: 1.355 GC heap before
{Heap before GC invocations=0 (full 0):
 garbage-first heap   total 63488K, used 14336K [0x00000000c2000000, 0x0000000100000000)
  region size 1024K, 13 young (13312K), 0 survivors (0K)
 Metaspace       used 3393K, committed 3584K, reserved 1114112K
  class space    used 348K, committed 448K, reserved 1048576K
}
Event: 1.365 GC heap after
{Heap after GC invocations=1 (full 0):
 garbage-first heap   total 63488K, used 6116K [0x00000000c2000000, 0x0000000100000000)
  region size 1024K, 2 young (2048K), 2 survivors (2048K)
 Metaspace       used 3393K, committed 3584K, reserved 1114112K
  class space    used 348K, committed 448K, reserved 1048576K
}
Event: 2.440 GC heap before
{Heap before GC invocations=1 (full 0):
 garbage-first heap   total 63488K, used 18404K [0x00000000c2000000, 0x0000000100000000)
  region size 1024K, 14 young (14336K), 2 survivors (2048K)
 Metaspace       used 7080K, committed 7296K, reserved 1114112K
  class space    used 827K, committed 960K, reserved 1048576K
}
Event: 2.451 GC heap after
{Heap after GC invocations=2 (full 0):
 garbage-first heap   total 63488K, used 7707K [0x00000000c2000000, 0x0000000100000000)
  region size 1024K, 2 young (2048K), 2 survivors (2048K)
 Metaspace       used 7080K, committed 7296K, reserved 1114112K
  class space    used 827K, committed 960K, reserved 1048576K
}
Event: 3.734 GC heap before
{Heap before GC invocations=2 (full 0):
 garbage-first heap   total 63488K, used 31259K [0x00000000c2000000, 0x0000000100000000)
  region size 1024K, 26 young (26624K), 2 survivors (2048K)
 Metaspace       used 13492K, committed 13824K, reserved 1114112K
  class space    used 1758K, committed 1920K, reserved 1048576K
}
Event: 3.740 GC heap after
{Heap after GC invocations=3 (full 0):
 garbage-first heap   total 63488K, used 9465K [0x00000000c2000000, 0x0000000100000000)
  region size 1024K, 4 young (4096K), 4 survivors (4096K)
 Metaspace       used 13492K, committed 13824K, reserved 1114112K
  class space    used 1758K, committed 1920K, reserved 1048576K
}
Event: 6.178 GC heap before
{Heap before GC invocations=3 (full 0):
 garbage-first heap   total 63488K, used 42233K [0x00000000c2000000, 0x0000000100000000)
  region size 1024K, 37 young (37888K), 4 survivors (4096K)
 Metaspace       used 19937K, committed 20224K, reserved 1114112K
  class space    used 2455K, committed 2560K, reserved 1048576K
}
Event: 6.192 GC heap after
{Heap after GC invocations=4 (full 0):
 garbage-first heap   total 63488K, used 12809K [0x00000000c2000000, 0x0000000100000000)
  region size 1024K, 5 young (5120K), 5 survivors (5120K)
 Metaspace       used 19937K, committed 20224K, reserved 1114112K
  class space    used 2455K, committed 2560K, reserved 1048576K
}
Event: 7.788 GC heap before
{Heap before GC invocations=4 (full 0):
 garbage-first heap   total 63488K, used 22025K [0x00000000c2000000, 0x0000000100000000)
  region size 1024K, 15 young (15360K), 5 survivors (5120K)
 Metaspace       used 21241K, committed 21504K, reserved 1114112K
  class space    used 2611K, committed 2752K, reserved 1048576K
}
Event: 7.807 GC heap after
{Heap after GC invocations=5 (full 0):
 garbage-first heap   total 63488K, used 13561K [0x00000000c2000000, 0x0000000100000000)
  region size 1024K, 1 young (1024K), 1 survivors (1024K)
 Metaspace       used 21241K, committed 21504K, reserved 1114112K
  class space    used 2611K, committed 2752K, reserved 1048576K
}
Event: 12.756 GC heap before
{Heap before GC invocations=6 (full 0):
 garbage-first heap   total 51200K, used 43257K [0x00000000c2000000, 0x0000000100000000)
  region size 1024K, 30 young (30720K), 1 survivors (1024K)
 Metaspace       used 26625K, committed 27072K, reserved 1114112K
  class space    used 3373K, committed 3584K, reserved 1048576K
}
Event: 12.771 GC heap after
{Heap after GC invocations=7 (full 0):
 garbage-first heap   total 51200K, used 16414K [0x00000000c2000000, 0x0000000100000000)
  region size 1024K, 4 young (4096K), 4 survivors (4096K)
 Metaspace       used 26625K, committed 27072K, reserved 1114112K
  class space    used 3373K, committed 3584K, reserved 1048576K
}

