# JRE version: Java(TM) SE Runtime Environment (20.0.1+9) (build 20.0.1+9-29)
# Java VM: Java HotSpot(TM) 64-Bit Server VM (20.0.1+9-29, mixed mode, sharing, tiered, compressed oops, compressed class ptrs, g1 gc, windows-amd64)
GC Precious Log:
 CardTable entry size: 512
 Card Set container configuration: InlinePtr #cards 5 size 8 Array Of Cards #cards 12 size 40 Howl #buckets 4 coarsen threshold 1843 Howl Bitmap #cards 512 size 80 coarsen threshold 460 Card regions per heap region 1 cards per card region 2048
 CPUs: 4 total, 4 available
 Memory: 3962M
 Large Page Support: Disabled
 NUMA Support: Disabled
 Compressed Oops: Enabled (32-bit)
 Heap Region Size: 1M
 Heap Min Capacity: 8M
 Heap Initial Capacity: 62M
 Heap Max Capacity: 992M
 Pre-touch: Disabled
 Parallel Workers: 4
 Concurrent Workers: 1
 Concurrent Refinement Workers: 4
 Periodic GC: Disabled
Heap:
 garbage-first heap   total 48128K, used 17440K [0x00000000c2000000, 0x0000000100000000)
  region size 1024K, 7 young (7168K), 4 survivors (4096K)
 Metaspace       used 27575K, committed 28032K, reserved 1114112K
  class space    used 3523K, committed 3712K, reserved 1048576K
GC Heap History (12 events):
Event: 1.071 GC heap before
{Heap before GC invocations=0 (full 0):
 garbage-first heap   total 63488K, used 13312K [0x00000000c2000000, 0x0000000100000000)
  region size 1024K, 13 young (13312K), 0 survivors (0K)
 Metaspace       used 3420K, committed 3648K, reserved 1114112K
  class space    used 352K, committed 448K, reserved 1048576K
}
Event: 1.080 GC heap after
{Heap after GC invocations=1 (full 0):
 garbage-first heap   total 63488K, used 5984K [0x00000000c2000000, 0x0000000100000000)
  region size 1024K, 2 young (2048K), 2 survivors (2048K)
 Metaspace       used 3420K, committed 3648K, reserved 1114112K
  class space    used 352K, committed 448K, reserved 1048576K
}
Event: 1.897 GC heap before
{Heap before GC invocations=1 (full 0):
 garbage-first heap   total 63488K, used 18272K [0x00000000c2000000, 0x0000000100000000)
  region size 1024K, 14 young (14336K), 2 survivors (2048K)
 Metaspace       used 7177K, committed 7488K, reserved 1114112K
  class space    used 836K, committed 960K, reserved 1048576K
}
Event: 1.907 GC heap after
{Heap after GC invocations=2 (full 0):
 garbage-first heap   total 63488K, used 7591K [0x00000000c2000000, 0x0000000100000000)
  region size 1024K, 2 young (2048K), 2 survivors (2048K)
 Metaspace       used 7177K, committed 7488K, reserved 1114112K
  class space    used 836K, committed 960K, reserved 1048576K
}
Event: 2.775 GC heap before
{Heap before GC invocations=2 (full 0):
 garbage-first heap   total 63488K, used 32167K [0x00000000c2000000, 0x0000000100000000)
  region size 1024K, 27 young (27648K), 2 survivors (2048K)
 Metaspace       used 13782K, committed 14080K, reserved 1114112K
  class space    used 1782K, committed 1920K, reserved 1048576K
}
Event: 2.782 GC heap after
{Heap after GC invocations=3 (full 0):
 garbage-first heap   total 63488K, used 9511K [0x00000000c2000000, 0x0000000100000000)
  region size 1024K, 4 young (4096K), 4 survivors (4096K)
 Metaspace       used 13782K, committed 14080K, reserved 1114112K
  class space    used 1782K, committed 1920K, reserved 1048576K
}
Event: 3.832 GC heap before
{Heap before GC invocations=3 (full 0):
 garbage-first heap   total 63488K, used 42279K [0x00000000c2000000, 0x0000000100000000)
  region size 1024K, 37 young (37888K), 4 survivors (4096K)
 Metaspace       used 20141K, committed 20544K, reserved 1114112K
  class space    used 2494K, committed 2688K, reserved 1048576K
}
Event: 3.845 GC heap after
{Heap after GC invocations=4 (full 0):
 garbage-first heap   total 63488K, used 12097K [0x00000000c2000000, 0x0000000100000000)
  region size 1024K, 5 young (5120K), 5 survivors (5120K)
 Metaspace       used 20141K, committed 20544K, reserved 1114112K
  class space    used 2494K, committed 2688K, reserved 1048576K
}
Event: 4.122 GC heap before
{Heap before GC invocations=4 (full 0):
 garbage-first heap   total 63488K, used 17217K [0x00000000c2000000, 0x0000000100000000)
  region size 1024K, 11 young (11264K), 5 survivors (5120K)
 Metaspace       used 21186K, committed 21504K, reserved 1114112K
  class space    used 2613K, committed 2752K, reserved 1048576K
}
Event: 4.137 GC heap after
{Heap after GC invocations=5 (full 0):
 garbage-first heap   total 63488K, used 12839K [0x00000000c2000000, 0x0000000100000000)
  region size 1024K, 1 young (1024K), 1 survivors (1024K)
 Metaspace       used 21186K, committed 21504K, reserved 1114112K
  class space    used 2613K, committed 2752K, reserved 1048576K
}
Event: 5.877 GC heap before
{Heap before GC invocations=6 (full 0):
 garbage-first heap   total 48128K, used 40487K [0x00000000c2000000, 0x0000000100000000)
  region size 1024K, 28 young (28672K), 1 survivors (1024K)
 Metaspace       used 26369K, committed 26816K, reserved 1114112K
  class space    used 3394K, committed 3584K, reserved 1048576K
}
Event: 5.890 GC heap after
{Heap after GC invocations=7 (full 0):
 garbage-first heap   total 48128K, used 15392K [0x00000000c2000000, 0x0000000100000000)
  region size 1024K, 4 young (4096K), 4 survivors (4096K)
 Metaspace       used 26369K, committed 26816K, reserved 1114112K
  class space    used 3394K, committed 3584K, reserved 1048576K
}

